app/build/intermediates/manifest_merge_blame_file/debug/manifest-merger-blame-debug-report.txt
1<?xml version="1.0" encoding="utf-8"?>
2<manifest xmlns:android="http://schemas.android.com/apk/res/android"
3    package="com.example.jetpackcomposenoteapp"
4    android:versionCode="1"
5    android:versionName="1.0" >
6
7    <uses-sdk
8        android:minSdkVersion="25"
8-->src\main\AndroidManifest.xml
9        android:targetSdkVersion="32" />
9-->src\main\AndroidManifest.xml
10
11    <application
11-->src\main\AndroidManifest.xml:5:5-32:19
12        android:name="com.example.jetpackcomposenoteapp.NoteApp"
12-->src\main\AndroidManifest.xml:6:9-32
13        android:allowBackup="true"
13-->src\main\AndroidManifest.xml:7:9-35
14        android:appComponentFactory="androidx.core.app.CoreComponentFactory"
14-->[androidx.core:core:1.7.0] AndroidManifest.xml:24:18-86
15        android:dataExtractionRules="@xml/data_extraction_rules"
15-->src\main\AndroidManifest.xml:8:9-65
16        android:debuggable="true"
17        android:extractNativeLibs="false"
18        android:fullBackupContent="@xml/backup_rules"
18-->src\main\AndroidManifest.xml:9:9-54
19        android:icon="@mipmap/ic_launcher"
19-->src\main\AndroidManifest.xml:10:9-43
20        android:label="@string/app_name"
20-->src\main\AndroidManifest.xml:11:9-41
21        android:roundIcon="@mipmap/ic_launcher_round"
21-->src\main\AndroidManifest.xml:12:9-54
22        android:supportsRtl="true"
22-->src\main\AndroidManifest.xml:13:9-35
23        android:theme="@style/Theme.JetpackComposeNoteApp" >
23-->src\main\AndroidManifest.xml:14:9-59
24        <activity
24-->src\main\AndroidManifest.xml:16:9-31:20
25            android:name="com.example.jetpackcomposenoteapp.presentation.MainActivity"
25-->src\main\AndroidManifest.xml:17:13-54
26            android:exported="true"
26-->src\main\AndroidManifest.xml:18:13-36
27            android:label="@string/app_name"
27-->src\main\AndroidManifest.xml:20:13-45
28            android:theme="@style/Theme.JetpackComposeNoteApp"
28-->src\main\AndroidManifest.xml:21:13-63
29            android:windowSoftInputMode="adjustResize" >
29-->src\main\AndroidManifest.xml:19:13-55
30            <intent-filter>
30-->src\main\AndroidManifest.xml:22:13-26:29
31                <action android:name="android.intent.action.MAIN" />
31-->src\main\AndroidManifest.xml:23:17-69
31-->src\main\AndroidManifest.xml:23:25-66
32
33                <category android:name="android.intent.category.LAUNCHER" />
33-->src\main\AndroidManifest.xml:25:17-77
33-->src\main\AndroidManifest.xml:25:27-74
34            </intent-filter>
35
36            <meta-data
36-->src\main\AndroidManifest.xml:28:13-30:36
37                android:name="android.app.lib_name"
37-->src\main\AndroidManifest.xml:29:17-52
38                android:value="" />
38-->src\main\AndroidManifest.xml:30:17-33
39        </activity>
40        <activity
40-->[androidx.compose.ui:ui-tooling:1.1.1] AndroidManifest.xml:25:9-27:39
41            android:name="androidx.compose.ui.tooling.PreviewActivity"
41-->[androidx.compose.ui:ui-tooling:1.1.1] AndroidManifest.xml:26:13-71
42            android:exported="true" />
42-->[androidx.compose.ui:ui-tooling:1.1.1] AndroidManifest.xml:27:13-36
43        <activity
43-->[androidx.compose.ui:ui-test-manifest:1.1.1] AndroidManifest.xml:25:9-27:39
44            android:name="androidx.activity.ComponentActivity"
44-->[androidx.compose.ui:ui-test-manifest:1.1.1] AndroidManifest.xml:26:13-63
45            android:exported="true" />
45-->[androidx.compose.ui:ui-test-manifest:1.1.1] AndroidManifest.xml:27:13-36
46
47        <service
47-->[androidx.room:room-runtime:2.3.0] AndroidManifest.xml:25:9-28:40
48            android:name="androidx.room.MultiInstanceInvalidationService"
48-->[androidx.room:room-runtime:2.3.0] AndroidManifest.xml:26:13-74
49            android:directBootAware="true"
49-->[androidx.room:room-runtime:2.3.0] AndroidManifest.xml:27:13-43
50            android:exported="false" />
50-->[androidx.room:room-runtime:2.3.0] AndroidManifest.xml:28:13-37
51
52        <provider
52-->[androidx.profileinstaller:profileinstaller:1.1.0] AndroidManifest.xml:26:9-34:20
53            android:name="androidx.startup.InitializationProvider"
53-->[androidx.profileinstaller:profileinstaller:1.1.0] AndroidManifest.xml:27:13-67
54            android:authorities="com.example.jetpackcomposenoteapp.androidx-startup"
54-->[androidx.profileinstaller:profileinstaller:1.1.0] AndroidManifest.xml:28:13-68
55            android:exported="false" >
55-->[androidx.profileinstaller:profileinstaller:1.1.0] AndroidManifest.xml:29:13-37
56            <meta-data
56-->[androidx.profileinstaller:profileinstaller:1.1.0] AndroidManifest.xml:31:13-33:52
57                android:name="androidx.profileinstaller.ProfileInstallerInitializer"
57-->[androidx.profileinstaller:profileinstaller:1.1.0] AndroidManifest.xml:32:17-85
58                android:value="androidx.startup" />
58-->[androidx.profileinstaller:profileinstaller:1.1.0] AndroidManifest.xml:33:17-49
59        </provider>
60
61        <receiver
61-->[androidx.profileinstaller:profileinstaller:1.1.0] AndroidManifest.xml:36:9-45:20
62            android:name="androidx.profileinstaller.ProfileInstallReceiver"
62-->[androidx.profileinstaller:profileinstaller:1.1.0] AndroidManifest.xml:37:13-76
63            android:directBootAware="false"
63-->[androidx.profileinstaller:profileinstaller:1.1.0] AndroidManifest.xml:38:13-44
64            android:enabled="true"
64-->[androidx.profileinstaller:profileinstaller:1.1.0] AndroidManifest.xml:39:13-35
65            android:exported="true"
65-->[androidx.profileinstaller:profileinstaller:1.1.0] AndroidManifest.xml:40:13-36
66            android:permission="android.permission.DUMP" >
66-->[androidx.profileinstaller:profileinstaller:1.1.0] AndroidManifest.xml:41:13-57
67            <intent-filter>
67-->[androidx.profileinstaller:profileinstaller:1.1.0] AndroidManifest.xml:42:13-44:29
68                <action android:name="androidx.profileinstaller.action.INSTALL_PROFILE" />
68-->[androidx.profileinstaller:profileinstaller:1.1.0] AndroidManifest.xml:43:17-91
68-->[androidx.profileinstaller:profileinstaller:1.1.0] AndroidManifest.xml:43:25-88
69            </intent-filter>
70        </receiver>
71    </application>
72
73</manifest>